<?xml version="1.0" encoding="UTF-8"?>
<!-- Generated by org.testng.reporters.JUnitReportReporter -->
<testsuite hostname="host-198.gts.wahanda.com" name="com.tests.wahanda.acceptance.AccountTest" tests="9" failures="0" timestamp="27 Oct 2014 15:12:23 GMT" time="65.289" errors="0">
  <testcase name="accountCreationTest" time="0.524" classname="com.tests.wahanda.acceptance.AccountTest"/>
  <testcase name="loginAndEditProfileTest" time="5.754" classname="com.tests.wahanda.acceptance.AccountTest"/>
  <testcase name="loginAndEditProfileTest" time="7.953" classname="com.tests.wahanda.acceptance.AccountTest"/>
  <testcase name="accountCreationTest" time="0.956" classname="com.tests.wahanda.acceptance.AccountTest"/>
  <testcase name="loginAndEditProfileTest" time="6.465" classname="com.tests.wahanda.acceptance.AccountTest"/>
  <testcase name="loginAndPasswordChangeTest" time="10.840" classname="com.tests.wahanda.acceptance.AccountTest"/>
  <testcase name="accountCreationTest" time="0.684" classname="com.tests.wahanda.acceptance.AccountTest"/>
  <testcase name="loginAndPasswordChangeTest" time="13.102" classname="com.tests.wahanda.acceptance.AccountTest"/>
  <testcase name="loginAndPasswordChangeTest" time="19.011" classname="com.tests.wahanda.acceptance.AccountTest"/>
</testsuite>
