<?xml version="1.0" encoding="UTF-8"?>
<!-- Generated by org.testng.reporters.JUnitReportReporter -->
<testsuite hostname="host-198.gts.wahanda.com" name="com.tests.wahanda.acceptance.AccountTest" tests="6" failures="0" timestamp="27 Oct 2014 16:17:21 GMT" time="43.552" errors="0">
  <testcase name="loginAndEditAccountTest" time="15.491" classname="com.tests.wahanda.acceptance.AccountTest"/>
  <testcase name="loginAndEditAccountTest" time="12.956" classname="com.tests.wahanda.acceptance.AccountTest"/>
  <testcase name="accountCreationTest" time="1.566" classname="com.tests.wahanda.acceptance.AccountTest"/>
  <testcase name="accountCreationTest" time="0.885" classname="com.tests.wahanda.acceptance.AccountTest"/>
  <testcase name="accountCreationTest" time="1.001" classname="com.tests.wahanda.acceptance.AccountTest"/>
  <testcase name="loginAndEditAccountTest" time="11.653" classname="com.tests.wahanda.acceptance.AccountTest"/>
</testsuite>
